<?xml version="1.0" encoding="UTF-8"?>
<testng-results ignored="0" total="1" passed="1" failed="0" skipped="0">
  <reporter-output>
  </reporter-output>
  <suite started-at="2025-05-24T04:27:19 PDT" name="Default suite" finished-at="2025-05-24T04:28:46 PDT" duration-ms="86874">
    <groups>
    </groups>
    <test started-at="2025-05-24T04:27:19 PDT" name="Default test" finished-at="2025-05-24T04:28:46 PDT" duration-ms="86874">
      <class name="pageobject.loginpage">
        <test-method is-config="true" signature="setUp()[pri:0, instance:pageobject.loginpage@198b6731]" started-at="2025-05-24T04:27:19 PDT" name="setUp" finished-at="2025-05-24T04:28:33 PDT" duration-ms="73287" status="PASS">
          <reporter-output>
          </reporter-output>
        </test-method> <!-- setUp -->
        <test-method signature="testLogin()[pri:0, instance:pageobject.loginpage@198b6731]" started-at="2025-05-24T04:28:33 PDT" name="testLogin" finished-at="2025-05-24T04:28:41 PDT" duration-ms="7807" status="PASS">
          <reporter-output>
          </reporter-output>
        </test-method> <!-- testLogin -->
        <test-method is-config="true" signature="close()[pri:0, instance:pageobject.loginpage@198b6731]" started-at="2025-05-24T04:28:41 PDT" name="close" finished-at="2025-05-24T04:28:46 PDT" duration-ms="5295" status="PASS">
          <reporter-output>
          </reporter-output>
        </test-method> <!-- close -->
      </class> <!-- pageobject.loginpage -->
    </test> <!-- Default test -->
  </suite> <!-- Default suite -->
</testng-results>
